<?xml version="1.0" encoding="UTF-8"?>
<!-- Generated by org.testng.reporters.JUnitReportReporter -->
<testsuite skipped="0" hostname="ip-192-168-0-4.ap-south-1.compute.internal" name="dockerselenium.zalenium_Firefox3" tests="1" failures="0" timestamp="2021-11-26T16:24:22 IST" time="105.527" errors="0">
  <testcase name="test" time="105.527" classname="dockerselenium.zalenium_Firefox3"/>
</testsuite> <!-- dockerselenium.zalenium_Firefox3 -->
