<?xml version="1.0" encoding="UTF-8"?>
<!-- Generated by org.testng.reporters.JUnitReportReporter -->
<testsuite skipped="0" hostname="FG2000121938.local" name="dockerselenium.DockerWithfirefox" tests="1" failures="0" timestamp="2021-10-08T22:43:56 IST" time="19.432" errors="0">
  <testcase name="test" time="19.432" classname="dockerselenium.DockerWithfirefox"/>
</testsuite> <!-- dockerselenium.DockerWithfirefox -->
