<?xml version="1.0" encoding="UTF-8"?>
<!-- Generated by org.testng.reporters.JUnitReportReporter -->
<testsuite skipped="0" hostname="ip-192-168-0-4.ap-south-1.compute.internal" name="dockerselenium.zalenium_Chrome" tests="1" failures="0" timestamp="2021-11-26T17:51:02 IST" time="58.450" errors="0">
  <testcase name="FPOrder" time="58.450" classname="dockerselenium.zalenium_Chrome"/>
</testsuite> <!-- dockerselenium.zalenium_Chrome -->
