<?xml version="1.0" encoding="UTF-8"?>
<!-- Generated by org.testng.reporters.JUnitReportReporter -->
<testsuite skipped="0" hostname="FG2000121938.local" name="dockerselenium.DockerWithChrome" tests="1" failures="0" timestamp="2021-11-26T10:45:25 IST" time="97.465" errors="0">
  <testcase name="FPOrder" time="97.465" classname="dockerselenium.DockerWithChrome"/>
</testsuite> <!-- dockerselenium.DockerWithChrome -->
