<?xml version="1.0" encoding="UTF-8"?>
<!-- Generated by org.testng.reporters.JUnitReportReporter -->
<testsuite skipped="0" hostname="ip-192-168-0-4.ap-south-1.compute.internal" name="dockerselenium.zalenium_Firefox" tests="1" failures="0" timestamp="2021-11-26T17:51:02 IST" time="102.008" errors="0">
  <testcase name="FPOrder" time="102.008" classname="dockerselenium.zalenium_Firefox"/>
</testsuite> <!-- dockerselenium.zalenium_Firefox -->
